d:\a.chernigin\nrf24lu1\projects\bootloader_host\usbapp\usbapp\debug\usbapp.pch
d:\a.chernigin\nrf24lu1\projects\bootloader_host\usbapp\usbapp\debug\vc120.pdb
d:\a.chernigin\nrf24lu1\projects\bootloader_host\usbapp\usbapp\debug\vc120.idb
d:\a.chernigin\nrf24lu1\projects\bootloader_host\usbapp\usbapp\debug\stdafx.obj
d:\a.chernigin\nrf24lu1\projects\bootloader_host\usbapp\usbapp\debug\device.obj
d:\a.chernigin\nrf24lu1\projects\bootloader_host\usbapp\usbapp\debug\usbapp.obj
d:\a.chernigin\nrf24lu1\projects\bootloader_host\usbapp\usbapp\debug\radio_req.obj
d:\a.chernigin\nrf24lu1\projects\bootloader_host\usbapp\debug\usbapp.ilk
d:\a.chernigin\nrf24lu1\projects\bootloader_host\usbapp\debug\usbapp.exe
d:\a.chernigin\nrf24lu1\projects\bootloader_host\usbapp\debug\usbapp.pdb
d:\a.chernigin\nrf24lu1\projects\bootloader_host\usb_host_app\usbapp\debug\device.obj
d:\a.chernigin\nrf24lu1\projects\bootloader_host\usb_host_app\usbapp\debug\radio_req.obj
d:\a.chernigin\nrf24lu1\projects\bootloader_host\usb_host_app\usbapp\debug\stdafx.obj
d:\a.chernigin\nrf24lu1\projects\bootloader_host\usb_host_app\usbapp\debug\usbapp.obj
d:\a.chernigin\nrf24lu1\projects\bootloader_host\usb_host_app\usbapp\debug\usbapp.pch
d:\a.chernigin\nrf24lu1\projects\bootloader_host\usb_host_app\usbapp\debug\vc120.idb
d:\a.chernigin\nrf24lu1\projects\bootloader_host\usb_host_app\usbapp\debug\vc120.pdb
d:\a.chernigin\nrf24lu1\projects\bootloader_host\usb_host_app\debug\usbapp.pdb
d:\a.chernigin\nrf24lu1\projects\bootloader_host\usb_host_app\debug\usbapp.exe
d:\a.chernigin\nrf24lu1\projects\bootloader_host\usb_host_app\debug\usbapp.ilk
d:\a.chernigin\nrf24lu1\projects\bootloader_host\usb_host_app\usbapp\debug\usbapp.tlog\cl.command.1.tlog
d:\a.chernigin\nrf24lu1\projects\bootloader_host\usb_host_app\usbapp\debug\usbapp.tlog\cl.read.1.tlog
d:\a.chernigin\nrf24lu1\projects\bootloader_host\usb_host_app\usbapp\debug\usbapp.tlog\cl.write.1.tlog
d:\a.chernigin\nrf24lu1\projects\bootloader_host\usb_host_app\usbapp\debug\usbapp.tlog\link.command.1.tlog
d:\a.chernigin\nrf24lu1\projects\bootloader_host\usb_host_app\usbapp\debug\usbapp.tlog\link.read.1.tlog
d:\a.chernigin\nrf24lu1\projects\bootloader_host\usb_host_app\usbapp\debug\usbapp.tlog\link.write.1.tlog
