C51 COMPILER V9.53.0.0   BOOTLOADER                                                        08/14/2015 11:44:53 PAGE 1   


C51 COMPILER V9.53.0.0, COMPILATION OF MODULE BOOTLOADER
OBJECT MODULE PLACED IN .\build\bootloader.obj
COMPILER INVOKED BY: C:\Keil_v5\C51\BIN\C51.EXE ..\bootloader.c OMF2 ROM(COMPACT) OPTIMIZE(9,SPEED) BROWSE MODC2 INCDIR(
                    -..\..\..\hal;..\..\..\hal\nrf24lu1p;..\..\..\compiler\c51;..\..\..\compiler\common;..\TPF) PRINT(.\list\bootloader.lst) 
                    -TABS(2) PREPRINT(.\list\bootloader.i) OBJECT(.\build\bootloader.obj)

line level    source

   1          /* Copyright (c) 2009 Nordic Semiconductor. All Rights Reserved.
   2           *
   3           * The information contained herein is confidential property of Nordic 
   4           * Semiconductor ASA.Terms and conditions of usage are described in detail 
   5           * in NORDIC SEMICONDUCTOR STANDARD SOFTWARE LICENSE AGREEMENT. 
   6           *
   7           * Licensees are granted free, non-transferable use of the information. NO
   8           * WARRENTY of ANY KIND is provided. This heading must NOT be removed from
   9           * the file.
  10           *              
  11           * $LastChangedRevision: 133 $
  12           */
  13          
  14          /** @file
  15           * This file contain parsing of USB commands
  16           *
  17           */
  18          #include <Nordic\reg24lu1.h>
  19          #include <intrins.h>
  20          
  21          #include "usb.h"
  22          #include "bootloader.h"
  23          #include "version.h"
  24          #include "usb_cmds.h"
  25          #include "flash.h"
  26          #include "config.h"
  27          #include "printf.h"
  28          
  29          #include "nrf24lu1p.h"
  30          
  31          extern bool packet_received;
  32          
  33          extern xdata volatile uint8_t in1buf[];
  34          extern xdata volatile uint8_t out1buf[];
  35          extern xdata volatile uint8_t in1bc;
  36          extern xdata volatile uint8_t out1bc;
  37          
  38          static xdata uint8_t rdismb _at_ 0x0023;                // Readback Disable byte in InfoPage
  39          
  40          static bool page_write;
  41          static uint16_t nblock;                                 // Holds the number of the current USB_EP1_SIZE by
             -tes block
  42          static uint8_t nblocks;                                 // Holds number of the blocks programmed
  43          
  44          static bool idata used_flash_pages[NUM_FLASH_PAGES];    // Holds which flash pages to erase
  45          
  46          void int_ep1in_handler(void);
  47          void int_ep2in_handler(void);
  48          void int_ep3in_handler(void);
  49          
  50          
  51          static void delay_ms(uint16_t ms)
  52          {
C51 COMPILER V9.53.0.0   BOOTLOADER                                                        08/14/2015 11:44:53 PAGE 2   

  53   1          uint16_t i, j;
  54   1          
  55   1          for(i = 0; i < ms; i++ )
  56   1          {
  57   2              for( j = 0; j < 1403; j++)
  58   2              {
  59   3                  _nop_();
  60   3              }
  61   2          }
  62   1      }
  63          
  64          extern xdata volatile uint8_t usbpair;
  65          extern xdata volatile uint8_t in2cs;
  66          extern xdata volatile uint8_t in3cs;
  67          extern volatile bool int_ep2in_flag;
  68          
  69          /* USB interrupt request */
  70          void usb_irq_handler(void) interrupt INTERRUPT_USB_INT  {
  71   1          usb_irq();
  72   1      }
  73          
  74          void bootloader(void)
  75          {
  76   1          uint8_t i;
  77   1          
  78   1          usb_init();
  79   1        
  80   1          USB = 1; // USBIRQ is mapped to IEN1.4
  81   1          EA = 1; // enable global interrupt
  82   1        
  83   1          CKCON = 0x02;       // See nRF24LU1p AX PAN
  84   1          nblock = 0;
  85   1          packet_received = page_write = false;
  86   1      
  87   1          usbpair = 0x01;
  88   1          
  89   1          tfp_printf("usbpair 0x%02x\r",(uint16_t)usbpair);
  90   1          tfp_printf("in2cs 0x%02x\r",(uint16_t)in2cs);
  91   1          tfp_printf("in3cs 0x%02x\r",(uint16_t)in3cs);
  92   1          delay_ms(1000); 
  93   1          tfp_printf("READY\r");
  94   1          
  95   1          int_ep1in_handler();
  96   1          
  97   1          while(1) {
  98   2            while(in2cs != 0);
  99   2            if(i%2==0)
 100   2              int_ep2in_handler();
 101   2            else
 102   2              int_ep3in_handler();
 103   2            i++;
 104   2          }
 105   1          
 106   1      }


MODULE INFORMATION:   STATIC OVERLAYABLE
   CODE SIZE        =    223    ----
   CONSTANT SIZE    =     51    ----
   XDATA SIZE       =   ----    ----
   PDATA SIZE       =   ----    ----
   DATA SIZE        =      4       1
C51 COMPILER V9.53.0.0   BOOTLOADER                                                        08/14/2015 11:44:53 PAGE 3   

   IDATA SIZE       =     64    ----
   BIT SIZE         =   ----    ----
   EDATA SIZE       =   ----    ----
   HDATA SIZE       =   ----    ----
   XDATA CONST SIZE =   ----    ----
   FAR CONST SIZE   =   ----    ----
END OF MODULE INFORMATION.


C51 COMPILATION COMPLETE.  0 WARNING(S),  0 ERROR(S)
